<?xml version="1.0" encoding="UTF-8"?>
<!-- Generated by org.testng.reporters.JUnitReportReporter -->
<testsuite hostname="DESKTOP-HT38EU9" name="com.ajio.testCases.Searchbox" tests="1" failures="0" timestamp="29 May 2020 21:44:11 GMT" time="48.609" errors="0">
  <testcase name="ajio_031" time="48.609" classname="com.ajio.testCases.Searchbox"/>
</testsuite> <!-- com.ajio.testCases.Searchbox -->
