<?xml version="1.0" encoding="UTF-8"?>
<!-- Generated by org.testng.reporters.JUnitReportReporter -->
<testsuite hostname="DESKTOP-HT38EU9" name="com.ajio.testCases.SignIn" tests="6" failures="0" timestamp="29 May 2020 11:18:20 GMT" time="165.846" errors="0">
  <testcase name="ajio_024" time="26.079" classname="com.ajio.testCases.SignIn"/>
  <testcase name="ajio_025" time="23.543" classname="com.ajio.testCases.SignIn"/>
  <testcase name="ajio_023" time="23.405" classname="com.ajio.testCases.SignIn"/>
  <testcase name="ajio_026" time="28.408" classname="com.ajio.testCases.SignIn"/>
  <testcase name="ajio_028" time="39.849" classname="com.ajio.testCases.SignIn"/>
  <testcase name="ajio_027" time="24.562" classname="com.ajio.testCases.SignIn"/>
</testsuite> <!-- com.ajio.testCases.SignIn -->
