<?xml version="1.0" encoding="UTF-8"?>
<!-- Generated by org.testng.reporters.JUnitReportReporter -->
<testsuite hostname="DESKTOP-HT38EU9" name="com.ajio.testCases.SignOut" tests="1" failures="0" timestamp="29 May 2020 11:19:22 GMT" time="8.929" errors="0">
  <testcase name="ajio_030" time="8.929" classname="com.ajio.testCases.SignOut"/>
</testsuite> <!-- com.ajio.testCases.SignOut -->
