<?xml version="1.0" encoding="UTF-8"?>
<!-- Generated by org.testng.reporters.JUnitReportReporter -->
<testsuite hostname="DESKTOP-HT38EU9" name="com.ajio.PageTests.HomepagePageTests" tests="13" failures="0" timestamp="1 Jun 2020 16:38:26 GMT" time="325.262" errors="0">
  <testcase name="verify_ShopWomen_Link_is_visible" time="24.714" classname="com.ajio.PageTests.HomepagePageTests"/>
  <testcase name="verify_ShopSale_Link_is_Redirecting_to_SalePage" time="26.616" classname="com.ajio.PageTests.HomepagePageTests"/>
  <testcase name="verify_ShopMen_Link_is_Redirecting_to_MenPage" time="32.092" classname="com.ajio.PageTests.HomepagePageTests"/>
  <testcase name="verify_signIn_JoinAjio_Link_is_Redirecting_to_signUpModalPopUp" time="24.986" classname="com.ajio.PageTests.HomepagePageTests"/>
  <testcase name="verify_ShopKids_Link_is_visible" time="24.335" classname="com.ajio.PageTests.HomepagePageTests"/>
  <testcase name="verify_ShopKids_Link_is_Redirecting_to_KidsPage" time="28.248" classname="com.ajio.PageTests.HomepagePageTests"/>
  <testcase name="verify_ShopMen_Link_is_visible" time="20.975" classname="com.ajio.PageTests.HomepagePageTests"/>
  <testcase name="verify_signIn_JoinAjio_Link_is_visible" time="26.100" classname="com.ajio.PageTests.HomepagePageTests"/>
  <testcase name="verify_CustomerCare_Link_is_visible" time="22.567" classname="com.ajio.PageTests.HomepagePageTests"/>
  <testcase name="verify_Homepage_Title" time="24.247" classname="com.ajio.PageTests.HomepagePageTests"/>
  <testcase name="verify_ShopWomen_Link_is_Redirecting_to_WomenPage" time="26.629" classname="com.ajio.PageTests.HomepagePageTests"/>
  <testcase name="verify_ShopSale_Link_is_visible" time="20.657" classname="com.ajio.PageTests.HomepagePageTests"/>
  <testcase name="verify_Customercare_Link_is_Redirecting_to_customerCarePage" time="23.096" classname="com.ajio.PageTests.HomepagePageTests"/>
</testsuite> <!-- com.ajio.PageTests.HomepagePageTests -->
