<?xml version="1.0" encoding="UTF-8"?>
<!-- Generated by org.testng.reporters.JUnitReportReporter -->
<testsuite hostname="DESKTOP-HT38EU9" name="com.ajio.testCases.SignUp" tests="1" failures="0" timestamp="28 May 2020 12:03:44 GMT" time="24.884" errors="0">
  <testcase name="ajio_022" time="24.884" classname="com.ajio.testCases.SignUp"/>
</testsuite> <!-- com.ajio.testCases.SignUp -->
